[35m[1mScanning dependencies of target diagnostic_msgs_generate_messages_py[0m
[  0%] Built target diagnostic_msgs_generate_messages_py
[35m[1mScanning dependencies of target _rover_arm_generate_messages_check_deps_ScienceArmResult[0m
[  0%] Built target _rover_arm_generate_messages_check_deps_ScienceArmResult
[35m[1mScanning dependencies of target _rover_arm_generate_messages_check_deps_ScienceArmActionFeedback[0m
[  0%] Built target _rover_arm_generate_messages_check_deps_ScienceArmActionFeedback
[35m[1mScanning dependencies of target actionlib_msgs_generate_messages_nodejs[0m
[  0%] Built target actionlib_msgs_generate_messages_nodejs
[35m[1mScanning dependencies of target std_msgs_generate_messages_nodejs[0m
[  0%] Built target std_msgs_generate_messages_nodejs
[35m[1mScanning dependencies of target _rover_arm_generate_messages_check_deps_ScienceArmAction[0m
[  0%] Built target _rover_arm_generate_messages_check_deps_ScienceArmAction
[35m[1mScanning dependencies of target _rover_arm_generate_messages_check_deps_ScienceArmFeedback[0m
[  0%] Built target _rover_arm_generate_messages_check_deps_ScienceArmFeedback
[35m[1mScanning dependencies of target _rover_arm_generate_messages_check_deps_ScienceArmActionResult[0m
[  0%] Built target _rover_arm_generate_messages_check_deps_ScienceArmActionResult
[35m[1mScanning dependencies of target _rover_arm_generate_messages_check_deps_ScienceArmActionGoal[0m
[  0%] Built target _rover_arm_generate_messages_check_deps_ScienceArmActionGoal
[35m[1mScanning dependencies of target _rover_arm_generate_messages_check_deps_ScienceArmGoal[0m
[  0%] Built target _rover_arm_generate_messages_check_deps_ScienceArmGoal
[35m[1mScanning dependencies of target std_msgs_generate_messages_lisp[0m
[  0%] Built target std_msgs_generate_messages_lisp
[35m[1mScanning dependencies of target actionlib_msgs_generate_messages_lisp[0m
[  0%] Built target actionlib_msgs_generate_messages_lisp
[35m[1mScanning dependencies of target actionlib_generate_messages_eus[0m
[  0%] Built target actionlib_generate_messages_eus
[35m[1mScanning dependencies of target roscpp_generate_messages_py[0m
[  0%] Built target roscpp_generate_messages_py
[35m[1mScanning dependencies of target std_msgs_generate_messages_eus[0m
[  0%] Built target std_msgs_generate_messages_eus
[35m[1mScanning dependencies of target roscpp_generate_messages_lisp[0m
[35m[1mScanning dependencies of target actionlib_generate_messages_cpp[0m
[  0%] Built target roscpp_generate_messages_lisp
[35m[1mScanning dependencies of target std_msgs_generate_messages_py[0m
[  0%] Built target actionlib_generate_messages_cpp
[  0%] Built target std_msgs_generate_messages_py
[35m[1mScanning dependencies of target rosgraph_msgs_generate_messages_lisp[0m
[  0%] Built target rosgraph_msgs_generate_messages_lisp
[35m[1mScanning dependencies of target roscpp_generate_messages_nodejs[0m
[35m[1mScanning dependencies of target rosgraph_msgs_generate_messages_nodejs[0m
[  0%] Built target roscpp_generate_messages_nodejs
[  0%] Built target rosgraph_msgs_generate_messages_nodejs
[35m[1mScanning dependencies of target actionlib_msgs_generate_messages_eus[0m
[35m[1mScanning dependencies of target rosgraph_msgs_generate_messages_cpp[0m
[  0%] Built target rosgraph_msgs_generate_messages_cpp
[  0%] Built target actionlib_msgs_generate_messages_eus
[35m[1mScanning dependencies of target diagnostic_msgs_generate_messages_eus[0m
[35m[1mScanning dependencies of target roscpp_generate_messages_cpp[0m
[  0%] Built target diagnostic_msgs_generate_messages_eus
[  0%] Built target roscpp_generate_messages_cpp
[35m[1mScanning dependencies of target actionlib_msgs_generate_messages_py[0m
[35m[1mScanning dependencies of target actionlib_msgs_generate_messages_cpp[0m
[  0%] Built target actionlib_msgs_generate_messages_py
[  0%] Built target actionlib_msgs_generate_messages_cpp
[35m[1mScanning dependencies of target rosgraph_msgs_generate_messages_eus[0m
[35m[1mScanning dependencies of target std_msgs_generate_messages_cpp[0m
[  0%] Built target rosgraph_msgs_generate_messages_eus
[  0%] Built target std_msgs_generate_messages_cpp
[35m[1mScanning dependencies of target actionlib_generate_messages_lisp[0m
[35m[1mScanning dependencies of target actionlib_generate_messages_nodejs[0m
[  0%] Built target actionlib_generate_messages_lisp
[  0%] Built target actionlib_generate_messages_nodejs
[35m[1mScanning dependencies of target actionlib_generate_messages_py[0m
[35m[1mScanning dependencies of target diagnostic_msgs_generate_messages_cpp[0m
[  0%] Built target actionlib_generate_messages_py
[  0%] Built target diagnostic_msgs_generate_messages_cpp
[35m[1mScanning dependencies of target roscpp_generate_messages_eus[0m
[35m[1mScanning dependencies of target rover_arm_generate_messages_py[0m
[  0%] Built target roscpp_generate_messages_eus
[  2%] [34m[1mGenerating Python from MSG rover_arm/ScienceArmAction[0m
[35m[1mScanning dependencies of target diagnostic_msgs_generate_messages_lisp[0m
[  2%] Built target diagnostic_msgs_generate_messages_lisp
[35m[1mScanning dependencies of target diagnostic_msgs_generate_messages_nodejs[0m
[  2%] Built target diagnostic_msgs_generate_messages_nodejs
[35m[1mScanning dependencies of target rosgraph_msgs_generate_messages_py[0m
[  2%] Built target rosgraph_msgs_generate_messages_py
[35m[1mScanning dependencies of target rover_arm_generate_messages_nodejs[0m
[  5%] [34m[1mGenerating Javascript code from rover_arm/ScienceArmAction.msg[0m
[  7%] [34m[1mGenerating Python from MSG rover_arm/ScienceArmActionFeedback[0m
[ 10%] [34m[1mGenerating Javascript code from rover_arm/ScienceArmActionFeedback.msg[0m
[ 12%] [34m[1mGenerating Javascript code from rover_arm/ScienceArmFeedback.msg[0m
[ 15%] [34m[1mGenerating Python from MSG rover_arm/ScienceArmFeedback[0m
[ 17%] [34m[1mGenerating Javascript code from rover_arm/ScienceArmActionGoal.msg[0m
[ 20%] [34m[1mGenerating Javascript code from rover_arm/ScienceArmActionResult.msg[0m
[ 23%] [34m[1mGenerating Python from MSG rover_arm/ScienceArmActionGoal[0m
[ 25%] [34m[1mGenerating Javascript code from rover_arm/ScienceArmResult.msg[0m
[ 28%] [34m[1mGenerating Javascript code from rover_arm/ScienceArmGoal.msg[0m
[ 30%] [34m[1mGenerating Python from MSG rover_arm/ScienceArmActionResult[0m
[ 30%] Built target rover_arm_generate_messages_nodejs
[ 33%] [34m[1mGenerating Python from MSG rover_arm/ScienceArmResult[0m
[ 35%] [34m[1mGenerating Python from MSG rover_arm/ScienceArmGoal[0m
[35m[1mScanning dependencies of target rover_arm_generate_messages_lisp[0m
[ 38%] [34m[1mGenerating Lisp code from rover_arm/ScienceArmAction.msg[0m
[ 41%] [34m[1mGenerating Lisp code from rover_arm/ScienceArmActionFeedback.msg[0m
[ 43%] [34m[1mGenerating Python msg __init__.py for rover_arm[0m
[ 46%] [34m[1mGenerating Lisp code from rover_arm/ScienceArmFeedback.msg[0m
[ 48%] [34m[1mGenerating Lisp code from rover_arm/ScienceArmActionGoal.msg[0m
[ 51%] [34m[1mGenerating Lisp code from rover_arm/ScienceArmActionResult.msg[0m
[ 51%] Built target rover_arm_generate_messages_py
[35m[1mScanning dependencies of target rover_arm_generate_messages_eus[0m
[ 56%] [34m[1mGenerating Lisp code from rover_arm/ScienceArmResult.msg[0m
[ 56%] [34m[1mGenerating EusLisp code from rover_arm/ScienceArmAction.msg[0m
[ 58%] [34m[1mGenerating Lisp code from rover_arm/ScienceArmGoal.msg[0m
[ 58%] Built target rover_arm_generate_messages_lisp
[ 61%] [34m[1mGenerating EusLisp code from rover_arm/ScienceArmActionFeedback.msg[0m
[ 64%] [34m[1mGenerating EusLisp code from rover_arm/ScienceArmFeedback.msg[0m
[ 66%] [34m[1mGenerating EusLisp code from rover_arm/ScienceArmActionGoal.msg[0m
[ 69%] [34m[1mGenerating EusLisp code from rover_arm/ScienceArmActionResult.msg[0m
[ 71%] [34m[1mGenerating EusLisp code from rover_arm/ScienceArmResult.msg[0m
[ 74%] [34m[1mGenerating EusLisp code from rover_arm/ScienceArmGoal.msg[0m
[ 76%] [34m[1mGenerating EusLisp manifest code for rover_arm[0m
[35m[1mScanning dependencies of target rover_arm_generate_messages_cpp[0m
[ 79%] [34m[1mGenerating C++ code from rover_arm/ScienceArmAction.msg[0m
[ 82%] [34m[1mGenerating C++ code from rover_arm/ScienceArmActionFeedback.msg[0m
[ 84%] [34m[1mGenerating C++ code from rover_arm/ScienceArmFeedback.msg[0m
[ 87%] [34m[1mGenerating C++ code from rover_arm/ScienceArmActionGoal.msg[0m
[ 89%] [34m[1mGenerating C++ code from rover_arm/ScienceArmActionResult.msg[0m
[ 92%] [34m[1mGenerating C++ code from rover_arm/ScienceArmResult.msg[0m
[ 94%] [34m[1mGenerating C++ code from rover_arm/ScienceArmGoal.msg[0m
[ 94%] Built target rover_arm_generate_messages_cpp
[ 94%] Built target rover_arm_generate_messages_eus
[35m[1mScanning dependencies of target rover_arm_hw[0m
[ 97%] [32mBuilding CXX object CMakeFiles/rover_arm_hw.dir/src/arm_hw/arm_hw.cpp.o[0m
[100%] [32m[1mLinking CXX shared library /home/hamza/R3/URC-18/rosws/devel/.private/rover_arm/lib/librover_arm_hw.so[0m
[35m[1mScanning dependencies of target rover_arm_generate_messages[0m
[100%] Built target rover_arm_generate_messages
[100%] Built target rover_arm_hw
