Symlinking /home/hamza/R3/URC-18/rosws/devel/share/gennodejs/ros/rover_arm/_index.js
Symlinking /home/hamza/R3/URC-18/rosws/devel/share/gennodejs/ros/rover_arm/msg/ScienceArmGoal.js
Symlinking /home/hamza/R3/URC-18/rosws/devel/share/gennodejs/ros/rover_arm/msg/ScienceArmActionResult.js
Symlinking /home/hamza/R3/URC-18/rosws/devel/share/gennodejs/ros/rover_arm/msg/ScienceArmFeedback.js
Symlinking /home/hamza/R3/URC-18/rosws/devel/share/gennodejs/ros/rover_arm/msg/_index.js
Symlinking /home/hamza/R3/URC-18/rosws/devel/share/gennodejs/ros/rover_arm/msg/ScienceArmActionFeedback.js
Symlinking /home/hamza/R3/URC-18/rosws/devel/share/gennodejs/ros/rover_arm/msg/ScienceArmAction.js
Symlinking /home/hamza/R3/URC-18/rosws/devel/share/gennodejs/ros/rover_arm/msg/ScienceArmActionGoal.js
Symlinking /home/hamza/R3/URC-18/rosws/devel/share/gennodejs/ros/rover_arm/msg/ScienceArmResult.js
Symlinking /home/hamza/R3/URC-18/rosws/devel/share/common-lisp/ros/rover_arm/msg/rover_arm-msg.asd
Symlinking /home/hamza/R3/URC-18/rosws/devel/share/common-lisp/ros/rover_arm/msg/_package_ScienceArmFeedback.lisp
Symlinking /home/hamza/R3/URC-18/rosws/devel/share/common-lisp/ros/rover_arm/msg/ScienceArmAction.lisp
Symlinking /home/hamza/R3/URC-18/rosws/devel/share/common-lisp/ros/rover_arm/msg/_package.lisp
Symlinking /home/hamza/R3/URC-18/rosws/devel/share/common-lisp/ros/rover_arm/msg/ScienceArmResult.lisp
Symlinking /home/hamza/R3/URC-18/rosws/devel/share/common-lisp/ros/rover_arm/msg/_package_ScienceArmAction.lisp
Symlinking /home/hamza/R3/URC-18/rosws/devel/share/common-lisp/ros/rover_arm/msg/ScienceArmActionResult.lisp
Symlinking /home/hamza/R3/URC-18/rosws/devel/share/common-lisp/ros/rover_arm/msg/_package_ScienceArmResult.lisp
Symlinking /home/hamza/R3/URC-18/rosws/devel/share/common-lisp/ros/rover_arm/msg/ScienceArmActionGoal.lisp
Symlinking /home/hamza/R3/URC-18/rosws/devel/share/common-lisp/ros/rover_arm/msg/ScienceArmFeedback.lisp
Symlinking /home/hamza/R3/URC-18/rosws/devel/share/common-lisp/ros/rover_arm/msg/_package_ScienceArmActionFeedback.lisp
Symlinking /home/hamza/R3/URC-18/rosws/devel/share/common-lisp/ros/rover_arm/msg/_package_ScienceArmGoal.lisp
Symlinking /home/hamza/R3/URC-18/rosws/devel/share/common-lisp/ros/rover_arm/msg/_package_ScienceArmActionGoal.lisp
Symlinking /home/hamza/R3/URC-18/rosws/devel/share/common-lisp/ros/rover_arm/msg/ScienceArmActionFeedback.lisp
Symlinking /home/hamza/R3/URC-18/rosws/devel/share/common-lisp/ros/rover_arm/msg/_package_ScienceArmActionResult.lisp
Symlinking /home/hamza/R3/URC-18/rosws/devel/share/common-lisp/ros/rover_arm/msg/ScienceArmGoal.lisp
Symlinking /home/hamza/R3/URC-18/rosws/devel/share/roseus/ros/rover_arm/manifest.l
Symlinking /home/hamza/R3/URC-18/rosws/devel/share/roseus/ros/rover_arm/msg/ScienceArmAction.l
Symlinking /home/hamza/R3/URC-18/rosws/devel/share/roseus/ros/rover_arm/msg/ScienceArmActionFeedback.l
Symlinking /home/hamza/R3/URC-18/rosws/devel/share/roseus/ros/rover_arm/msg/ScienceArmGoal.l
Symlinking /home/hamza/R3/URC-18/rosws/devel/share/roseus/ros/rover_arm/msg/ScienceArmResult.l
Symlinking /home/hamza/R3/URC-18/rosws/devel/share/roseus/ros/rover_arm/msg/ScienceArmActionResult.l
Symlinking /home/hamza/R3/URC-18/rosws/devel/share/roseus/ros/rover_arm/msg/ScienceArmFeedback.l
Symlinking /home/hamza/R3/URC-18/rosws/devel/share/roseus/ros/rover_arm/msg/ScienceArmActionGoal.l
Symlinking /home/hamza/R3/URC-18/rosws/devel/share/rover_arm/cmake/rover_armConfig-version.cmake
Symlinking /home/hamza/R3/URC-18/rosws/devel/share/rover_arm/cmake/rover_armConfig.cmake
Symlinking /home/hamza/R3/URC-18/rosws/devel/share/rover_arm/cmake/rover_arm-msg-extras.cmake
Symlinking /home/hamza/R3/URC-18/rosws/devel/share/rover_arm/cmake/rover_arm-msg-paths.cmake
Symlinking /home/hamza/R3/URC-18/rosws/devel/share/rover_arm/msg/ScienceArmAction.msg
Symlinking /home/hamza/R3/URC-18/rosws/devel/share/rover_arm/msg/ScienceArmGoal.msg
Symlinking /home/hamza/R3/URC-18/rosws/devel/share/rover_arm/msg/ScienceArmActionGoal.msg
Symlinking /home/hamza/R3/URC-18/rosws/devel/share/rover_arm/msg/ScienceArmResult.msg
Symlinking /home/hamza/R3/URC-18/rosws/devel/share/rover_arm/msg/ScienceArmActionFeedback.msg
Symlinking /home/hamza/R3/URC-18/rosws/devel/share/rover_arm/msg/ScienceArmFeedback.msg
Symlinking /home/hamza/R3/URC-18/rosws/devel/share/rover_arm/msg/ScienceArmActionResult.msg
Symlinking /home/hamza/R3/URC-18/rosws/devel/lib/librover_arm_hw.so
Symlinking /home/hamza/R3/URC-18/rosws/devel/lib/python2.7/dist-packages/rover_arm/__init__.py
Symlinking /home/hamza/R3/URC-18/rosws/devel/lib/python2.7/dist-packages/rover_arm/msg/_ScienceArmActionFeedback.py
Symlinking /home/hamza/R3/URC-18/rosws/devel/lib/python2.7/dist-packages/rover_arm/msg/__init__.py
Symlinking /home/hamza/R3/URC-18/rosws/devel/lib/python2.7/dist-packages/rover_arm/msg/_ScienceArmFeedback.py
Symlinking /home/hamza/R3/URC-18/rosws/devel/lib/python2.7/dist-packages/rover_arm/msg/_ScienceArmResult.py
Symlinking /home/hamza/R3/URC-18/rosws/devel/lib/python2.7/dist-packages/rover_arm/msg/_ScienceArmGoal.py
Symlinking /home/hamza/R3/URC-18/rosws/devel/lib/python2.7/dist-packages/rover_arm/msg/_ScienceArmAction.py
Symlinking /home/hamza/R3/URC-18/rosws/devel/lib/python2.7/dist-packages/rover_arm/msg/_ScienceArmActionResult.py
Symlinking /home/hamza/R3/URC-18/rosws/devel/lib/python2.7/dist-packages/rover_arm/msg/_ScienceArmActionGoal.py
Symlinking /home/hamza/R3/URC-18/rosws/devel/lib/pkgconfig/rover_arm.pc
Symlinking /home/hamza/R3/URC-18/rosws/devel/include/rover_arm/ScienceArmActionGoal.h
Symlinking /home/hamza/R3/URC-18/rosws/devel/include/rover_arm/ScienceArmFeedback.h
Symlinking /home/hamza/R3/URC-18/rosws/devel/include/rover_arm/ScienceArmActionFeedback.h
Symlinking /home/hamza/R3/URC-18/rosws/devel/include/rover_arm/ScienceArmAction.h
Symlinking /home/hamza/R3/URC-18/rosws/devel/include/rover_arm/ScienceArmGoal.h
Symlinking /home/hamza/R3/URC-18/rosws/devel/include/rover_arm/ScienceArmActionResult.h
Symlinking /home/hamza/R3/URC-18/rosws/devel/include/rover_arm/ScienceArmResult.h
