########### array before sorts ###########
0	0.000000	195.580000	381.000000	195.580000	n
1	381.000000	195.580000	381.000000	24.130000	n
2	381.000000	24.130000	274.320000	24.130000	n
3	71.120000	0.000000	0.000000	0.000000	n
4	0.000000	0.000000	0.000000	195.580000	n
5	109.220000	78.740000	241.300000	78.740000	n
6	241.300000	78.740000	274.320000	24.130000	n
7	109.220000	78.740000	71.120000	0.000000	n
Tolerance=0.050000.
*Exact match for i=0 and j=1.
*i point 0.000000	195.580000	381.000000	195.580000	y
*Exact match for i=1 and j=2.
*i point 381.000000	195.580000	381.000000	24.130000	y
*Exact match for i=2 and j=6.
*i point 381.000000	24.130000	274.320000	24.130000	y
	*Before flip 	241.300000	78.740000	274.320000	24.130000	y
	*After flip 	274.320000	24.130000	241.300000	78.740000	y
*Exact match for i=3 and j=5.
*i point 274.320000	24.130000	241.300000	78.740000	y
	*Before flip 	109.220000	78.740000	241.300000	78.740000	y
	*After flip 	241.300000	78.740000	109.220000	78.740000	y
*Exact match for i=4 and j=7.
*i point 241.300000	78.740000	109.220000	78.740000	y
*Exact match for i=5 and j=6.
*i point 109.220000	78.740000	71.120000	0.000000	y
*Exact match for i=6 and j=7.
*i point 71.120000	0.000000	0.000000	0.000000	y
########### array after sorts ###########
0	0.000000	195.580000	381.000000	195.580000	y
1	381.000000	195.580000	381.000000	24.130000	y
2	381.000000	24.130000	274.320000	24.130000	y
3	274.320000	24.130000	241.300000	78.740000	y
4	241.300000	78.740000	109.220000	78.740000	y
5	109.220000	78.740000	71.120000	0.000000	y
6	71.120000	0.000000	0.000000	0.000000	y
7	0.000000	0.000000	0.000000	195.580000	y
***************
.BOARD_OUTLINE UNOWNED
1.6
0     0.000000     195.580000     0
0     381.000000     195.580000     0
0     381.000000     24.130000     0
0     274.320000     24.130000     0
0     241.300000     78.740000     0
0     109.220000     78.740000     0
0     71.120000     0.000000     0
0     0.000000     0.000000     0
0     0.000000     195.580000     0
