########### array before sorts ###########
0	-116.840000	1.270000	38.100000	1.270000	n
1	38.100000	1.270000	38.100000	72.390000	n
2	38.100000	72.390000	-116.840000	72.390000	n
3	-116.840000	72.390000	-116.840000	1.270000	n
Tolerance=0.050000.
*Exact match for i=0 and j=1.
*i point -116.840000	1.270000	38.100000	1.270000	y
*Exact match for i=1 and j=2.
*i point 38.100000	1.270000	38.100000	72.390000	y
*Exact match for i=2 and j=3.
*i point 38.100000	72.390000	-116.840000	72.390000	y
########### array after sorts ###########
0	-116.840000	1.270000	38.100000	1.270000	y
1	38.100000	1.270000	38.100000	72.390000	y
2	38.100000	72.390000	-116.840000	72.390000	y
3	-116.840000	72.390000	-116.840000	1.270000	y
***************
.BOARD_OUTLINE UNOWNED
1.6
0     -116.840000     1.270000     0
0     38.100000     1.270000     0
0     38.100000     72.390000     0
0     -116.840000     72.390000     0
0     -116.840000     1.270000     0
