Symlinking /home/hamza/R3/URC-18/rosws/devel/share/gennodejs/ros/rover_ik/_index.js
Symlinking /home/hamza/R3/URC-18/rosws/devel/share/gennodejs/ros/rover_ik/srv/RequestPosition.js
Symlinking /home/hamza/R3/URC-18/rosws/devel/share/gennodejs/ros/rover_ik/srv/_index.js
Symlinking /home/hamza/R3/URC-18/rosws/devel/share/common-lisp/ros/rover_ik/srv/_package.lisp
Symlinking /home/hamza/R3/URC-18/rosws/devel/share/common-lisp/ros/rover_ik/srv/_package_RequestPosition.lisp
Symlinking /home/hamza/R3/URC-18/rosws/devel/share/common-lisp/ros/rover_ik/srv/RequestPosition.lisp
Symlinking /home/hamza/R3/URC-18/rosws/devel/share/common-lisp/ros/rover_ik/srv/rover_ik-srv.asd
Symlinking /home/hamza/R3/URC-18/rosws/devel/share/roseus/ros/rover_ik/manifest.l
Symlinking /home/hamza/R3/URC-18/rosws/devel/share/roseus/ros/rover_ik/srv/RequestPosition.l
Symlinking /home/hamza/R3/URC-18/rosws/devel/share/rover_ik/cmake/rover_ik-msg-extras.cmake
Symlinking /home/hamza/R3/URC-18/rosws/devel/share/rover_ik/cmake/rover_ikConfig.cmake
Symlinking /home/hamza/R3/URC-18/rosws/devel/share/rover_ik/cmake/rover_ikConfig-version.cmake
Symlinking /home/hamza/R3/URC-18/rosws/devel/share/rover_ik/cmake/rover_ik-msg-paths.cmake
Symlinking /home/hamza/R3/URC-18/rosws/devel/lib/librover_ik.so
Symlinking /home/hamza/R3/URC-18/rosws/devel/lib/python2.7/dist-packages/rover_ik/__init__.py
Symlinking /home/hamza/R3/URC-18/rosws/devel/lib/python2.7/dist-packages/rover_ik/srv/__init__.py
Symlinking /home/hamza/R3/URC-18/rosws/devel/lib/python2.7/dist-packages/rover_ik/srv/_RequestPosition.py
Symlinking /home/hamza/R3/URC-18/rosws/devel/lib/pkgconfig/rover_ik.pc
Symlinking /home/hamza/R3/URC-18/rosws/devel/include/rover_ik/RequestPositionResponse.h
Symlinking /home/hamza/R3/URC-18/rosws/devel/include/rover_ik/RequestPosition.h
Symlinking /home/hamza/R3/URC-18/rosws/devel/include/rover_ik/RequestPositionRequest.h
